<?xml version="1.0" encoding="UTF-8"?>
<testsuites>
    <testsuite name="RapDevTests" errors="0" failures="0" skipped="0" tests="8" time="6.605">
    </testsuite>
</testsuites>
